100
0 8 138 0 9 7 2 1263 1 708 5 27 176 155 709 9517 19 968 3 4171 15 14 6 1384 4 554 120 11 2076 197 17 2899 2841 28 21 236 16 797 184 20 3457 63 30 152 22 12 69 1583 9054 121 166 10 5448 3160 18 869 38 107 13 229 316 35 139 23 909 3053 61 2825 1799 426 655 57 37 62 624 309 331 1656 625 2526 25 110 24 720 1643 3489 995
1 6049 3198 1572 252 1434 1495 74 126 65 199 485 3923 1089 404 356 243 114 1876 72 7712 940 5367 41 679 2614 2433 4607 55 54 70 26 82 6126 731 5150 6035 549 187 8734 158 84 371 1408 653 329 1510 899 1524 117 751 231 1352 665 36 299 1428 285 1554 6092 52 1894 88 46 103 159 34 60 56 6378 29 102 484 1388 879 2572 4589 4343 1597 180 1958 1679 32 45 2261 3358 253 1571 161 78 123 339 377 800 332 7862 73 1440 1290 583
2 3975 2264 3756 2848 3244 1502 5276 3774 148 867 1737 44 3106 2780 1184 5990 1591 8402 372 268 58 3831 145 410 135 131 1756 2700 9305 193 5554 5985 6979 83 224 3613 637 33 2371 40 132 7234 5659 303 31 96 2282 621 737 112 3514 53 389 206 4063 50 3807 632 42 5182 86 95 4291 3199 3706 6930 7559 2683 2208 90 1604 6668 346 178 355 6616 948 49 48 119 240 92 390 97 122 480 211 2741 8702 4859 245 3884 1437 4618 8528 8094 566 2431 7672 6379 7984
3 3097 1671 1334 1714 9138 6656 1888 907 725 1065 4347 585 2067 3676 442 1734 7776 7677 8801 125 494 1106 3299 715 659 999 147 7373 6166 1549 1862 7977 290 8948 137 815 2385 170 235 735 98 971 106 3142 5329 4221 172 2717 304 6163 432 2360 903 1937 3591 1456 408 144 9906 255 399 881 7253 1073 67 447 8466 249 2840 7924 5350 2047 143 210 3471 662 5286 1958
4 7055 2818 859 1310 3767 482 1482 2478 1881 1387 671 4178 7687 7895 157 375 1395 129 890 3420 511 257 9832 335 2132 6147 2112 1521 2052 2348 3293 7275 2791 392 79 3033 3769 519 2162 212 3348 424 742 2523 503 173 2654 961 3692 4421 39 47 1628 2088 7307 9017 160 183 342 6913 43 1601 4130 3689 8901 1336 552 5616 6744 1502
5 7624 3110 1173 3389 468 977 686 2148 9502 164 3849 1225 650 6698 7537 747 6347 3467 1610 4258 510 330 87 1183 611 8080 2136 2168 9335 1826 1195 149 513 4510 3057 3266 1321 500 2296 175 8270 1584 5313 1541 542 487 9447 51 1152 4089 599 2976 451 76 8015 195 94 93 5295 1153 1506 524 8215 2627 609 280 1174 151 2196 168 574 5404 300 7915 2292 85 77 422 739 4554 2785 1070 3977 1702 115 4885 8044 5751 1287 1122 1365 4982
6 2153 1476 3172 7347 595 3441 850 9933 4390 146 9519 443 1052 684 5973 75 8751 2659 4225 391 4500 4881 4977 100 108 66 301 105 2943 71 2177 6373 1697 843 1613 2274 5634 388 935 789 325 2871 348 1194 81 162 1132 805 663 140 4336 4953 91 89 80 3379 7499 1840 104 880 179 1221 2106 459 5754 128 6362 1951 2612 3097 3756 1502
7 1315 5526 4371 1452 5429 3700 4023 5959 2402 914 9543 6577 4090 2045 4848 2744 2198 3211 681 7658 612 4994 3158 2579 198 1413 2169 1917 1850 3600 1332 992 288 1959 6097 250 9225 1027 429 382 2983 517 118 1704 2768 572 1296 7918 8938 8660 7325 3054 238 4514 1447 393 218 1981 3839 3424 933 130 461 2205 275 1762 3759 8955 4829 9542 4864 207 3502 1754 979 201 1985 1189 2304 1171 8116 4350 6684 256 5069 3284 4329 3194 1979 501 526 124 196 896 2142 2735 5336 4597 1310
8 596 2244 2902 1468 1632 7292 2857 9030 3818 631 7033 5515 5247 4703 2608 3517 2140 2158 2960 216 776 1137 7269 3302 1522 1735 411 594 3747 436 8819 6837 4525 901 343 228 261 3179 2171 5011 703 2703 1128 9356 1581 1611 2430 1134 984 8149 3961 5311 415 1292 64 8156 265 385 7218 4517 3543 142 221 6628 546 1327 7250 3996 4152 1562 1114 849 1290
9 6729 900 5200 2170 873 1283 2955 3248 2973 6718 1312 4497 3412 4364 7401 232 5349 516 163 2562 6234 204 727 2359 8034 4962 409 289 7147 395 2726 2616 6304 2820 403 7878 1745 171 4308 762 1412 5621 59 2258 2849 5605 2079 636 1723 267 417 784 638 3024 1256 1757 7518 1001 7876 3642 5862 782 5838 6481 1398 1303 109 5641 3569 2721 5225 425 1344 587 626 2652 1284 99 274 1223 1236 3008
10 5926 3477 1077 9047 2889 4266 2701 5725 5381 1667 8992 1707 3071 915 4978 824 4432 1564 9927 4807 455 9086 1131 2905 5031 841 9039 4210 7081 4609 476 2685 1483 6369 957 1324 2138 8243 1016 4813 1575 1691 4335 5516 1155 7959 2492 68 4985 2668 5268 6951 1275 2872 4281 310 9127 9053 4430 598 1119 111 4317 9351 277 694 8152 2950 7173 1369 2809 1771 3540 1725 327 2533 1429 1112 185 929 271 1339 7408 1330 495 156 134 318 2240 101 3635 150 3268 7042 138 3244 2848 1737 176
11 2591 2060 2513 3684 8450 919 1954 4148 6402 6138 2003 6238 5333 6018 136 5851 8139 7086 3182 545 2134 1721 4869 3661 7546 8309 5205 5801 439 8672 5643 246 3395 2759 3038 477 726 116 4099 8334 619 7986 1967 4226 2187 9311 3032 227 825 8272 2859 8019 1151 6655 1566 362 1090 205 2218 1019 6335 8138 803 321 475 1420 1011 365 272 5038 2147 4131 3239 448 1385 1558 3975 138 1671 708
12 728 878 1930 3483 9611 7929 2757 1401 1251 4302 707 2688 1298 421 2048 647 4388 2967 273 2810 613 7774 646 203 2451 2116 3006 9915 8365 750 4452 1600 4801 1546 3014 5566 8707 3796 2291 188 3983 910 1226 154 264 9246 247 223 1629 3121 5472 4429 2159 213 6756 2858 370 8241 2416 680 615 2044 3887 305 3756 2264 1502 554 1310 1263
13 7242 5482 6115 3880 8802 6644 9888 3525 3398 3262 7382 1686 2509 885 5902 567 233 1271 2922 6131 1988 2285 4397 2852 976 2653 8688 7162 4482 2491 3196 1087 5834 845 866 1793 457 1350 1222 3041 3257 597 1948 1156 1042 2049 1438 244 3096 3572 9677 3964
14 6604 9894 9559 4895 1587 5850 4104 398 3768 4594 7791 1207 1590 990 1612 2593 3500 807 4417 1097 8355 270 5721 2521 6082 349 167 666 2268 6031 1104 496 1000 4133 3698 6630 1627 3516 8076 1228 291 1768 7279 4672 5791 1100 1149 450 396 3243 3773 4974 2126 745 2249 1136 1665 1807 8430 138 2153
15 7117 4841 4656 1766 5546 9886 9957 7727 5668 2713 9593 561 5778 2316 4288 2212 1270 6459 7777 6222 6831 928 7151 2684 962 660 3082 113 1161 9572 2707 1272 446 9365 7315 3879 829 777 361 5860 182 4704 308 7734 219 7481 2330 4044 363 5195 259 537 669 1017 2372 2114 278 497 538 9710 8465 4632 454 3141 1809 8614 3378 345 3363 523 4273 1080 2073 3870 5101
16 258 279 848 1210 8875 2427 9360 610 191 5484 3943 1313 3715 418 634 7367 6565 2767 5667 8427 534 3950 4797 314 215 1596 242 2746 722 506 6450 1278 5222 3149 1274 2058 8 5526
17 2145 4167 5893 946 9470 2981 5558 536 5278 3306 3912 5218 2342 2232 1801 435 2033 1030 1743 1185 186 763 4443 1498 3021 7488 5108 2072 3274 1971 3532 3900 3025 3904 547 2844 4493 602 4568 2419 996 2202 1645 1093 678 3735 4040 2238 7594 5450 6049
18 4102 8703 3410 6058 836 6787 189 7593 7557 3623 1973 3751 2657 2207 1481 6256 4098 628 1082 3813 469 998 9076 608 2128 701 2651 2222 2811 982 8360 2226 2077 1103 237 6037 2120 1821 2990 533 1744 4558 6986 6180 6452 5381 554
19 3046 2444 3563 3455 3447 764 3621 3448 5910 8933 2214 9768 871 9732 778 8488 7387 5395 1376 2374 769 298 1689 2391 9081 1548 3119 1900 746 1529 981 614 861 1896 5497 1244 2403 980 3741 985 973 358 333 812 3203 3498 972 3797 1873 5167 2577 8066 775 1445 6087 351 1427 1307 8429 1414 1212 1294 8225 749 2175 8761 2264 5926 708 1737 3244
20 3497 1638 8454 2930 7048 4688 1005 3428 1168 4067 4413 3270 7966 2298 7454 1783 1117 5887 7069 2150 3052 4408 4662 5514 3286 5876 1169 3533 1789 6767 3718 434 1489 712 1012 9521 449 1121 967 1678 4919 9562 2180 8364 3866 296 491 4605 1187 3135 1351 4984 4880 9634 5779 9749 4606 716 1936 3222 5284 5773 5406 2787 9701 5982 3317 5432 1966 8911 401 969 6651 1290 138 2153
21 4247 4799 5843 1513 4157 1593 7569 2573 2920 515 1260 7384 386 5442 5728 3561 616 1098 2552 3825 2325 1736 2041 1023 2901 6227 353 6137 3586 1859 5041 3426 352 1078 4219 2740 4070 6848 341 276 555 292 282 7090 499 412 830 1371 4373 4021 5661 138 2848 2264 3684 1263
22 6404 7508 2503 9425 5110 1770 133 7293 2163 1423 8226 2000 8677 6747 1805 307 5600 2190 5848 6288 687 5582 2293 293 7798 658 5936 7869 402 127 1215 964 1853 822 577 444 486 5565 868 400 320 2284 809 344 6188 1442 756 512 194 6539 4863 1310 1290 2848 2264 3244 138 583 5926 7624 1737
23 7850 2216 2487 7584 1320 604 1673 887 1113 1669 1972 2692 230 2837 462 4724 1450 702 1277 7607 3066 1436 414 2956 1407 1803 1537 857 226 281 1491 535 645 2090 7303 1804 817 551 2231 6134 1300 5999 1480 3903 269 8146 2980 6359 138 3244 554 2060 6049 176 5661
24 7908 9947 1911 644 6005 7600 641 902 440 654 1599 3281 387 1454 1386 8040 3210 181 3089 2972 284 2812 1690 3631 4950 8114 1227 2020 670 1325 7575 3598 1477 214 926 1286 8438 225 481 323 651 4370 1890 5707 966 3416 4289 2264 3756 2591
25 1200 3139 3251 7354 4100 1478 1048 383 2709 2587 952 2582 6534 2420 9205 2191 1126 3319 7773 2790 2794 8489 5874 5511 4094 1869 757 2770 733 2571 765 4722 7636 2546 2947 2206 8888 2188 141 1733 3479 3889 241 202 1347 5532 531 2264
26 406 313 589 3175 319 234 2094 222 785 1333 7548 3406 324 9359 2195 891 1623 1843 1758 2262 5390 941 8184 9613 488 9464 8629 4791 1863 3016 3995 251 993 7797 7287 4238 7589 2313 3470 5895 1290 3975
27 6337 7753 6057 4403 3708 5209 3826 855 3166 9896 3582 4820 165 5124 5626 2200 1732 734 1004 1921 1718 2698 445 2063 431 376 373 4610 3927 322 2508 1814 169 1301 3443 3003 983 3858 4581 4532 498 1674 6691 4320 8480 2091 970 1651 1494 553 2563 1232 2769 3824 3970 6460 8853 7624 2591 1671 1495 1310 2848 3097
28 5921 2486 5051 4613 5091 2819 4551 7709 8993 7708 3458 1031 2185 1750 2576 8492 5483 1008 9713 4164 4425 478 7718 975 1150 6785 860 978 5221 7590 557 7971 697 4625 6059 2965 791 1788 7970 5447 5909 4596 3190 4857 884 3332 2882 5158 374 337 209 2329 1378 5603 2816 8 138
29 360 793 509 490 1568 1607 3201 760 4088 153 350 384 2099 177 1867 3148 2477 550 1099 2251 3764 5020 254 437 306 3564 9763 1534 3953 504 1902 5312 3315 5033 138
30 1933 1026 1904 8740 294 465 4372 8654 489 2014 7854 1038 5914 2733 2166 5210 2356 8739 1906 340 9459 9338 1963 795 954 3913 1778 773 9118 8549 3309 3895 4325 1188 3065 1608 1753 1033 2167 532 8 2848
31 2504 6141 4487 1989 6385 4818 590 364 2919 1914 1349 1088 1231 2560 1841 1054 4172 1528 4361 1530 8719 302 4061 1772 2696 6292 6572 2078 1362 842 2992 4009 2334 1041 5803 1343 263 3639 2977 8219 2738 960 208 853 692 3791 4035 3246 5519 7437 3097 5921 554 138 7624 900
32 3992 1780 4460 6915 7013 949 6045 2978 5136 520 1884 717 4850 882 1847 5724 2288 5615 1877 3069 1497 4048 4858 5561 9678 239 2428 1626 397 622 287 1262 3652 743 220 5046 1125 4942 3131 4738 420 4241 2836 1368 4741 3975 5921 138
33 2425 4676 7155 1224 2555 2862 724 5434 2547 8168 5255 9716 2845 6946 334 8388 3686 6050 1606 3204 3224 1621 3537 904 441 174 1253 3624 419 539 3790 4196 2666 3699 5264 5545 7884 704 543 7267 492 1834 1340 8635 4925 7585
34 4142 5084 6523 9346 1446 2248 4728 2941 4995 6755 1891 4619 2300 2823 6762 2453 1269 3869 6265 8643 1204 1233 1942 672 5277 1372 4310 3140 9467 4096 190 4623 5490 2270 4667 3911 4478 1007 7460 4242 5597 2227 4817 8541 1751 1813 4659 8267 9952 6354 2986 8311 1878 9824 1737 138 3097 1290 6604
35 8315 3126 1186 8030 6962 4710 3011 1883 675 5552 4410 4358 8973 4435 9391 2239 738 3662 6012 7304 2516 4472 3303 1927 1074 297 1061 4615 359 5305 413 471 994 3236 1363 4765 8
36 2979 1508 9040 1404 2739 2097 1797 3730 1096 4156 943 5361 4804 5005 714 4889 5001 989 2493 3405 1177 4772 3604 1180 1795 328 1127 923 4051 7564 705 5929 1532 8164 2019 2377 1290 5526
37 3102 927 6051 9551 7291 2538 3215 6467 2592 7433 9294 266 5882 6029 357 2096 1218 886 1996 1214 706 369 1576 9722 2908 1866 1748 1391 1035 5853 7676 6281 827 1358 1029 4761 1095 3888 1290 1737 3097 968 5526 2591
38 7975 3493 4018 768 3659 3478 1370 6702 6284 8295 1123 4630 8704 3444 8342 3205 698 1765 906 507 2805 3926 1314 6329 3359 1135 1991 3034 7486 4032 3622 3323 8516 1337 4507 3097 1671 8 138
39 4768 2383 7104 1520 5480 5391 5705 7108 579 2143 1854 790 2404 8316 192 7747 3929 1197 3891 4274 6440 6622 6022 9080 1652 4028 796 814 423 4275 7935 4160 7182 3272 8735 9208 1671 5921
40 2475 3704 3400 5296 4849 3345 9946 1465 2442 2164 2423 3044 6001 5931 4277 1880 248 5326 5507 9203 3915 700 1417 1738 4314 1503 6376 6025 405 5951 6514 521 1950 5522 3999 3761 7195 2275 3753 1502 2153 7055 1263 2818 1310
41 627 5580 1932 2634 5797 4255 2961 5431 456 2609 1706 2415 3017 283 378 6677 5942 367 2883 7591 4837 2062 4648 9382 3346 1602 4253 9271 9218 1595 804 3351 7989 1790 3975 2848 2153 176 554 797 4247
42 7360 4537 3585 1449 908 1281 1729 1791 2604 9557 1393 2141 2005 7217 6398 9836 5154 9857 4742 315 5818 7905 8038 1039 1460 1058 4265 5591 2228 643 5631 4175 6183 748 2931 368 3988 7606 3931 1263 2153 2848 708 1290 3097 9517
43 2152 1360 1509 1353 6094 9478 2029 3231 1190 755 502 1068 6258 664 6735 4838 2507 4726 8512 2480 9424 347 1056 2869 1931 898 4929 2473 2135 3828 9794 7112 1443 5269 1912 138 2848 2060 176 1384 1495 4247
44 1379 1002 6169 1871 2853 3240 2762 2050 5555 5299 1124 7211 5014 2575 2601 1246 6228 4844 5699 6259 2234 4947 8390 8423 1953 2082 7085 5804 2948 6161 9485 897 603 3819 7768 2743 719 6486 1666 3167 6558 9285
45 544 1861 951 808 217 656 338 262 472 5207 458 786 689 840 2730 4657 4299 3938 525 1993 1140 2024 2397 1361 676 7040 9199 138
46 1692 5720 1903 7167 1091 5275 5463 3229 1746 3890 4819 6795 9592 1063 7913 833 473 6405 9831 2873 8088 4952 1777 1166 2525 1688 9021 3677 7258 823 5242 1142 1925 5974 3611 1108 1496 792 8585 5644 8324 8860 8185 3094 9897 5287 2848 1263 2591 1671 1502
47 2413 3654 3056 568 2706 8518 433 286 7313 1257 1582 779 200 740 1956 3946 2670 514 5196 9290 862 4725 6178 1642 9493 3860 8401 2460 1836 138 2264 1502 7055 2818 3975 1310
48 366 2337 7223 1172 1163 8947 7050 3423 8543 9433 2305 4448 1779 1653 4923 3100 3242 584 8616 4821 936 2501 8326 6056 1055 578 4539 8809 7492 593 688 6352 4474 2201 6410 7674
49 6165 839 1909 1857 3490 2173 5512 2417 5419 1767 770 6290 1064 831 642 1424 7852 813 958 1752 2681 8612 1615 4331 9320 4342 1759 2661 483 438 4106 3520 1671 138 3097
50 2542 6130 592 464 5562 5178 691 379 4022 1829 834 3949 1620 8515 7132 1147 2469 3775 1493 6737 838 7761 466 2184 9975 2229 4188 3475 1737 3097 7624 2591 1671 1310 3244
51 5501 2826 6877 1159 2613 2500 7694 4946 4433 9234 4705 5534 8783 1242 3804 2633 3924 3722 811 9213 6462 2410 7404 1305 6237 7140 508 1728 623 3084 6361 9361 9610 8132 6812 3634 1705 3734 788 5612 9538 6463 3233 2642 2818 9365 138
52 4025 5175 1469 2886 4834 5034 4611 2512 2585 2327 3335 2702 1249 3615 467 1680 6388 2345 713 3411 3587 5681 835 753 4495 883 7995 1466 2603 5625 2720 7252 7224 1502 7055 2818 859 1310 138
53 7064 846 380 428 505 798 460 916 8486 819 1579 1209 1811 677 1851 5430 1081 3417 1021 5689 8591 5617 3528 1235 2985 138 176 1315 6604 1077
54 7306 2650 1304 8491 6043 4914 2087 3881 8917 2025 9885 6438 772 2887 3013 541 2697 2380 8542 2638 9357 1389 723 8692 2644 4184 3941 4560 3875 7742 3235 2848 138
55 6887 4650 8147 5664 6809 2918 3109 9765 5160 3304 2448 1648 1550 2847 5055 9037 4917 7707 1459 5863 6824 8345 6478 5285 6424 3067 2301 3878 3206 3161 1399 493 6425 864 1457 381 4545 394 1741 6149 522 8099 1245 931 9793 4494 7018 138 5921 1502 3244 1737
56 4612 9742 1913 3577 1198 6854 7815 5795 427 5421 5935 1806 635 9098 1800 3787 2009 3338 7105 1084 2349 9471 1116 6348 9843 7867 9837 2220 8055 8262 6502 3756 2264
57 2436 2373 721 606 2590 9566 1461 3646 3404 1044 1755 2894 7473 2059 2795 1034 3227 2437 1699 963 2545 3508 6480 6205 6270 4301 3975 8 138 968
58 1742 2619 2319 2975 6571 5769 7170 3724 8806 9512 6612 2115 3643 1338 9974 3125 847 3383 565 3794 2339 8343 3127 5339 1191 4111 4685 4788 806 6631 138 1290 6604 1263 2153
59 6246 8969 4646 2104 3908 2043 5459 2783 3101 8601 4913 2758 828 3843 2866 2295 2485 479 6527 1264 1118 3002 657 6676 2732 1066 9005 6726 605 2027 6408 3952 2060 725 977
60 938 2432 758 2065 3180 6135 2017 1280 3456 4565 1170 9723 2013 1158 9442 5371 2035 1295 4459 311 9128 2667 1504 7337 2157 9479 1892 8965 6030 3714 8322 9609 2831
61 6769 9584 2705 7837 2649 295 7120 530 5812 767 564 5186 4674 1463 5253 2622 5971 3784 2458 5688 1588 844 1815 1837 8586 5064 1983 2255 7176 5789 3975 968 1263 138 155 708 1737
62 3429 527 1020 9009 6044 710 528 6847 1383 3027 7447 8002 7765 7603 766 5672 1192 4956 2217 661 3232 601 2745 6226 3907 5731 3488 5702 8320 8 7624 155 138 1310 1263
63 3349 2378 5063 5165 4394 8444 7733 6064 1288 9574 1640 799 9607 997 6383 581 1178 4809 470 9347 2626 945 648 8131 1062 3883 7892 8897 3097 1290 138 1334 1958 1263 968
64 336 3164 1852 1889 1397 1598 3022 810 2611 2904 1547 5355 2958 633 6820 2315 1323 5708 1258 1416 6013 1817 5451 6423 6156 2343 5376 1855 9993 1290 138
65 1635 5412 7414 1431 5774 4699 2098 2445 9811 5965 818 1377 652 7122 4854 1268 2600 8428 9301 1040 3957 1515 5564 4584 2927 3893 8 1263 708 3975 3244
66 947 875 1828 3648 4162 5446 2311 1540 1105 7316 1677 1402 1250 2664 7474 4319 3989 4477 4001 7810 5604 8250 600 3535 1671 138 3097 554
67 921 6589 4524 5627 1472 1345 3357 6518 6327 1079 1354 1845 2959 2253 260 5132 5469 6046 837 3969 3137 1311 4976 1109 3350 1086 1072 1037 787 1211 2364 2928 9476 9194 7007 2264 138 1290 2060 1671 3975
68 6745 6961 2439 9269 8154 452 5539 3832 8733 4798 2123 2524 2937 744 5872 1071 3258 1202 9295 3618 4930 4600 3178 6661 2156 4211 3571 2942 4959 138 1502 7055
69 3853 9665 4436 8271 6543 4276 2085 2100 7827 3369 3499 1961 3392 2864 7816 9010 9548 1107 5241 7444 1935 4828 8180 4008 6775 7371 4734 2367 6692 6753 1279 4127 8966 2381 3820 3710 7281 3846 5896 3640 1696 4964 699 1455 9565 3062 8 1671 708 69 1482 6165 1334 583
70 629 6021 752 1908 1486 2119 1511 1824 1165 2121 2456 3028 9779 6748 2219 7893 2236 6647 5960 6338 4922 3559 5465 9649 3975 6729 176 2848 3097 3244
71 854 1239 559 2797 4757 1266 9782 2455 729 774 6009 562 2824 1882 780 8041 3313 4264 354 1820 582 6834 889 4921 3097 2591 1671 1334 1958
72 1552 7710 6229 591 9675 5727 5845 856 9803 6783 6223 6949 7030 5760 674 1299 7981 7180 5759 7056 5875 4577 4533 8009 2297 7226 3549 1785 6419 9971 5570 138 8 968 1495
73 3403 1484 7266 5443 1516 4805 2895 3397 7732 7530 4526 2689 474 7828 3862 2424 3418 5029 3495 5763 7702 3743 5653 5235 5357 2842 7458 1144 2878 2796 4680 5028 4572 6334 317 9528 1495 2060 3774 867 3110 859
74 2624 888 6991 4491 5417 2522 6027 9872 5346 1886 1825 6696 5792 3292 4723 4125 3616 2160 5403 3536 1346 3981 1182 3660 6047 5385 4806 2848 621 3097 4247
75 1670 1130 2897 3487 8374 3682 7375 6074 4894 3362 1032 1922 9430 3151 6107 4549 5368 9134 8640 580 6629 6412 6515 5422 5388 607 1874 3097 2264 583 3975 3244
76 8095 3279 3408 3060 6392 8988 1160 6174 4878 2708 9317 563 5805 4530 3228 8380 8699 3979 2716 9421 5251 3596 556 5141 4941 8056 8834 3325 1870 1045 1046 3595 7605 3852 2938 711 6939 5415 9322 3780 1441 8245 5071 7238 4653 639 7163 3162 2060 155 867
77 3603 7342 2265 1577 8332 7792 5817 9355 2517 3574 851 5435 4138 6896 7509 6024 1943 7831 1139 913 1992 9890 3153 1267 8025 1467 3811 3045 1366 2398 730 5022 4412 554 1888 155 7 4347 197 725
78 987 4822 3289 7818 4278 8476 1439 1543 1406 5013 2051 1898 1051 4254 6797 1832 6301 3324 5120 7027 2793 9159 2010 5586 8 3756 138 1502 2264 7055 2818 5276 6049 1310 3244
79 9514 8978 3526 4122 8790 9657 8244 4971 2182 1415 1557 1823 912 1193 6243 8579 2221 1036 4840 1201 3894 2527 673 9892 6559 6279 1154 2023 4793 9441 4416 1975 3354 1120 2001 2848 138 1671
80 1217 974 4614 3301 1364 4908 3433 4920 2056 3958 9884 5052 9669 4990 3171 3566 6307 3124 1939 1978 2510 3504 1138 2389 2388 4824 1162 571 2903 3975 1572 138 3244
81 2968 1663 4271 7062 8103 858 576 1544 8729 3655 932 7842 3430 5548 1865 1053 2254 3815 4621 3170 876 1918 463 1570 6971 6313 6367 1671 5921 138 3097 2848 1737
82 4081 9167 8307 3856 4575 2452 7459 5675 3144 2093 3594 5957 8890 4968 2429 1329 3935 6394 8297 5997 8713 3827 718 6672 6536 1974 9711 2932 1556 1671 138 3244 3097 968 621 155
83 312 407 1525 6407 9043 5481 573 1010 5811 7092 2694 2271 2401 9556 2408 3221 4191 9374 6671 2392 5161 2022 540 5598 3975 138 2591 1671 3244
84 7341 1573 5908 2896 1085 2002 1624 4380 9828 4695 4259 4909 1872 2690 2892 8673 5127 4307 7088 2409 9623 7270 6150 2776 956 8691 1167 2266 5722 5859 9211 4540 3260 1737 2264 3097
85 2144 548 4240 8100 9372 1944 2312 8770 2926 9304 1517 3384 1254 1727 6475 2792 802 5304 1390 5998 7345 3036 1949 2628 1319 8387 4508 5576 3464 1410 6729 8 2848 138 176 4102 7984
86 1318 3863 7497 4311 682 2987 3391 937 5520 4118 5197 3023 9041 5416 4518 4552 2498 4639 3513 8431 2648 1076 7181 2210 1014 4865 138 1502 7055 3110 1263
87 1273 2556 4227 6052 4313 3580 4366 1009 8949 8353 2108 5920 2340 2594 5414 2071 1512 6601 7301 9204 893 1265 8738 965 6136 6614 6224 6765 3097 138 2848 176 1334 554 3110
88 6160 1110 2322 9358 8381 1808 8461 4479 2674 5905 7245 9299 2074 2736 7671 4235 2718 6607 4928 6573 2246 3223 2209 6266 7826 1405 1776 1282 8281 1715 1462 6500 4007 905 4146 6955 3814 8484 6422 8 3244
89 950 1255 1487 7541 1322 2712 1479 3340 1433 4214 5173 2479 2306 9137 7962 7805 1997 7070 1781 4936 8557 4743 6963 4115 2060 1495 138 3774 867
90 1782 918 6261 3494 617 7820 2632 7532 6192 3376 4450 1357 5489 640 6267 9561 529 9967 7378 3380 4169 1422 2581 953 4014 138 3244 1290 2153 1263 554
91 9088 5513 2665 1994 8605 1567 5767 732 4465 3567 6557 4770 1083 9663 4951 667 892 7135 9770 8122 3047 1474 5613 3446 1555 3909 4195 3244 2591 1671 8 27 138
92 2482 2080 2314 3511 5820 1473 5246 6779 9455 8600 453 3590 9165 6466 1208 3068 3772 8414 3314 2107 5383 4740 3097 138 176
93 1421 9798 2568 6952 6703 5193 3230 3575 2464 1919 3777 7748 1616 5140 3638 6249 4620 326 4501 3282 8386 1822 2843 1290 2591
94 7956 8766 2414 820 1216 6399 2913 1990 3974 1432 1341 4758 8162 9401 2551 5933 4955 2557 5924 7640 1724 1220 801 6575 3407 5921 554 900 3244
95 9740 560 1664 6912 3712 6657 558 3541 6842 3599 3181 5977 2260 1895 1526 7295 3252 5392 934 2496 2658 1618 518 4795 4006 8743 4538 6086 2848 138 3975 120 554 968
96 2235 1316 630 863 1175 826 5620 9019 3673 4031 2294 4468 8442 4511 2309 8940 771 3000 1101 8240 2102 1024 5932 5954 138 1502 2818 7055 968 404 1310
97 6102 9691 9630 1868 5712 6062 3782 4137 3997 7692 2070 6906 7993 2092 6621 3114 1938 586 3492 1049 3311 4690 9420 4852 5065 430 5646 1492 3771 9555 2245 7322 2181 2728 695 6454 9743 138 1263 5381 869
98 5394 2039 6201 2008 1006 9155 5130 7022 8349 7691 6932 5748 9874 4337 9567 6400 5645 2395 955 6927 5048 649 7544 4245 1740 668 7243 1672 6023 1928 1719 1658 2110 3195 3097 1671 2591 1263
99 6841 9908 5249 6705 9761 5599 9516 3004 7363 3980 3697 5452 5019 4585 1747 4604 2929 4745 9164 8176 930 1230 2151 1693 3886 5700 5233 8767 2476 2358 3597 8 3975